{"/home/austin.smith/repos/sonar/oas-generator/helpers.js": {"path":"/home/austin.smith/repos/sonar/oas-generator/helpers.js","statementMap":{"0":{"start":{"line":1,"column":11},"end":{"line":1,"column":24}},"1":{"start":{"line":2,"column":14},"end":{"line":2,"column":30}},"2":{"start":{"line":5,"column":4},"end":{"line":19,"column":9}},"3":{"start":{"line":6,"column":19},"end":{"line":6,"column":21}},"4":{"start":{"line":7,"column":27},"end":{"line":7,"column":98}},"5":{"start":{"line":9,"column":8},"end":{"line":11,"column":11}},"6":{"start":{"line":10,"column":10},"end":{"line":10,"column":27}},"7":{"start":{"line":13,"column":8},"end":{"line":16,"column":11}},"8":{"start":{"line":14,"column":10},"end":{"line":14,"column":51}},"9":{"start":{"line":18,"column":8},"end":{"line":18,"column":44}},"10":{"start":{"line":23,"column":4},"end":{"line":47,"column":5}},"11":{"start":{"line":54,"column":4},"end":{"line":54,"column":49}},"12":{"start":{"line":58,"column":16},"end":{"line":58,"column":32}},"13":{"start":{"line":59,"column":4},"end":{"line":59,"column":30}},"14":{"start":{"line":63,"column":4},"end":{"line":120,"column":7}},"15":{"start":{"line":64,"column":19},"end":{"line":64,"column":31}},"16":{"start":{"line":65,"column":22},"end":{"line":65,"column":37}},"17":{"start":{"line":67,"column":8},"end":{"line":119,"column":10}},"18":{"start":{"line":68,"column":28},"end":{"line":68,"column":57}},"19":{"start":{"line":69,"column":26},"end":{"line":69,"column":35}},"20":{"start":{"line":70,"column":30},"end":{"line":70,"column":48}},"21":{"start":{"line":71,"column":30},"end":{"line":71,"column":67}},"22":{"start":{"line":72,"column":23},"end":{"line":72,"column":48}},"23":{"start":{"line":73,"column":29},"end":{"line":73,"column":31}},"24":{"start":{"line":74,"column":28},"end":{"line":81,"column":13}},"25":{"start":{"line":84,"column":12},"end":{"line":84,"column":42}},"26":{"start":{"line":87,"column":12},"end":{"line":101,"column":13}},"27":{"start":{"line":88,"column":16},"end":{"line":100,"column":18}},"28":{"start":{"line":89,"column":20},"end":{"line":98,"column":22}},"29":{"start":{"line":103,"column":28},"end":{"line":110,"column":13}},"30":{"start":{"line":113,"column":12},"end":{"line":117,"column":13}},"31":{"start":{"line":114,"column":16},"end":{"line":114,"column":61}},"32":{"start":{"line":116,"column":16},"end":{"line":116,"column":60}},"33":{"start":{"line":122,"column":4},"end":{"line":122,"column":20}},"34":{"start":{"line":125,"column":0},"end":{"line":131,"column":2}}},"fnMap":{"0":{"name":"getHttps","decl":{"start":{"line":4,"column":9},"end":{"line":4,"column":17}},"loc":{"start":{"line":4,"column":33},"end":{"line":20,"column":1}},"line":4},"1":{"name":"(anonymous_1)","decl":{"start":{"line":5,"column":19},"end":{"line":5,"column":20}},"loc":{"start":{"line":5,"column":26},"end":{"line":17,"column":7}},"line":5},"2":{"name":"(anonymous_2)","decl":{"start":{"line":9,"column":23},"end":{"line":9,"column":24}},"loc":{"start":{"line":9,"column":32},"end":{"line":11,"column":9}},"line":9},"3":{"name":"(anonymous_3)","decl":{"start":{"line":13,"column":22},"end":{"line":13,"column":23}},"loc":{"start":{"line":13,"column":28},"end":{"line":16,"column":9}},"line":13},"4":{"name":"(anonymous_4)","decl":{"start":{"line":17,"column":21},"end":{"line":17,"column":22}},"loc":{"start":{"line":17,"column":28},"end":{"line":19,"column":7}},"line":17},"5":{"name":"createSwaggerTemplate","decl":{"start":{"line":22,"column":9},"end":{"line":22,"column":30}},"loc":{"start":{"line":22,"column":34},"end":{"line":48,"column":1}},"line":22},"6":{"name":"getWebServiceJson","decl":{"start":{"line":53,"column":9},"end":{"line":53,"column":26}},"loc":{"start":{"line":53,"column":38},"end":{"line":55,"column":1}},"line":53},"7":{"name":"parseWebServiceJson","decl":{"start":{"line":57,"column":9},"end":{"line":57,"column":28}},"loc":{"start":{"line":57,"column":36},"end":{"line":60,"column":1}},"line":57},"8":{"name":"convertToSwagger","decl":{"start":{"line":62,"column":9},"end":{"line":62,"column":25}},"loc":{"start":{"line":62,"column":47},"end":{"line":123,"column":1}},"line":62},"9":{"name":"(anonymous_9)","decl":{"start":{"line":63,"column":21},"end":{"line":63,"column":22}},"loc":{"start":{"line":63,"column":32},"end":{"line":120,"column":5}},"line":63},"10":{"name":"(anonymous_10)","decl":{"start":{"line":67,"column":24},"end":{"line":67,"column":25}},"loc":{"start":{"line":67,"column":34},"end":{"line":119,"column":9}},"line":67},"11":{"name":"(anonymous_11)","decl":{"start":{"line":88,"column":38},"end":{"line":88,"column":39}},"loc":{"start":{"line":88,"column":47},"end":{"line":100,"column":17}},"line":88}},"branchMap":{"0":{"loc":{"start":{"line":7,"column":27},"end":{"line":7,"column":98}},"type":"cond-expr","locations":[{"start":{"line":7,"column":61},"end":{"line":7,"column":77}},{"start":{"line":7,"column":80},"end":{"line":7,"column":98}}],"line":7},"1":{"loc":{"start":{"line":7,"column":27},"end":{"line":7,"column":58}},"type":"binary-expr","locations":[{"start":{"line":7,"column":27},"end":{"line":7,"column":38}},{"start":{"line":7,"column":42},"end":{"line":7,"column":58}}],"line":7},"2":{"loc":{"start":{"line":87,"column":12},"end":{"line":101,"column":13}},"type":"if","locations":[{"start":{"line":87,"column":12},"end":{"line":101,"column":13}},{"start":{},"end":{}}],"line":87},"3":{"loc":{"start":{"line":113,"column":12},"end":{"line":117,"column":13}},"type":"if","locations":[{"start":{"line":113,"column":12},"end":{"line":117,"column":13}},{"start":{"line":115,"column":19},"end":{"line":117,"column":13}}],"line":113}},"s":{"0":1,"1":1,"2":0,"3":0,"4":0,"5":0,"6":0,"7":0,"8":0,"9":0,"10":1,"11":1,"12":0,"13":0,"14":0,"15":0,"16":0,"17":0,"18":0,"19":0,"20":0,"21":0,"22":0,"23":0,"24":0,"25":0,"26":0,"27":0,"28":0,"29":0,"30":0,"31":0,"32":0,"33":0,"34":1},"f":{"0":0,"1":0,"2":0,"3":0,"4":0,"5":1,"6":1,"7":0,"8":0,"9":0,"10":0,"11":0},"b":{"0":[0,0],"1":[0,0],"2":[0,0],"3":[0,0]},"_coverageSchema":"1a1c01bbd47fc00a2c39e90264f33305004495a9","hash":"5737763a77a829ee75d83b6a15ed9e2316c64ef8"}
}
