TN:
SF:helpers.js
FN:4,getHttps
FN:5,(anonymous_1)
FN:9,(anonymous_2)
FN:13,(anonymous_3)
FN:17,(anonymous_4)
FN:22,createSwaggerTemplate
FN:53,getWebServiceJson
FN:57,parseWebServiceJson
FN:62,convertToSwagger
FN:63,(anonymous_9)
FN:67,(anonymous_10)
FN:88,(anonymous_11)
FNF:12
FNH:2
FNDA:0,getHttps
FNDA:0,(anonymous_1)
FNDA:0,(anonymous_2)
FNDA:0,(anonymous_3)
FNDA:0,(anonymous_4)
FNDA:1,createSwaggerTemplate
FNDA:1,getWebServiceJson
FNDA:0,parseWebServiceJson
FNDA:0,convertToSwagger
FNDA:0,(anonymous_9)
FNDA:0,(anonymous_10)
FNDA:0,(anonymous_11)
DA:1,1
DA:2,1
DA:5,0
DA:6,0
DA:7,0
DA:9,0
DA:10,0
DA:13,0
DA:14,0
DA:18,0
DA:23,1
DA:54,1
DA:58,0
DA:59,0
DA:63,0
DA:64,0
DA:65,0
DA:67,0
DA:68,0
DA:69,0
DA:70,0
DA:71,0
DA:72,0
DA:73,0
DA:74,0
DA:84,0
DA:87,0
DA:88,0
DA:89,0
DA:103,0
DA:113,0
DA:114,0
DA:116,0
DA:122,0
DA:125,1
LF:35
LH:5
BRDA:7,0,0,0
BRDA:7,0,1,0
BRDA:7,1,0,0
BRDA:7,1,1,0
BRDA:87,2,0,0
BRDA:87,2,1,0
BRDA:113,3,0,0
BRDA:113,3,1,0
BRF:8
BRH:0
end_of_record
